<?xml version="1.0" encoding="utf-8"?><testsuites><testsuite name="pytest" errors="0" failures="0" skipped="0" tests="1" time="25.556" timestamp="2024-11-11T19:54:43.406866+00:00" hostname="test-runner"><testcase classname="tests.test_vacancies" name="test_qa_vacancy_can_observed[Istanbul, Turkey-Quality Assurance-Senior Software Quality Assurance Engineer]" time="25.522" /></testsuite></testsuites>